{"level":"info","message":"Server is connected with MongoDB and running on port 3000","timestamp":"2025-12-26T15:00:39.458Z"}
{"level":"info","message":"Server is connected with MongoDB and running on port 3000","timestamp":"2025-12-26T15:20:12.982Z"}
{"level":"info","message":"Server is connected with MongoDB and running on port 3000","timestamp":"2025-12-26T15:22:15.548Z"}
{"level":"info","message":"Server is connected with MongoDB and running on port 3000","timestamp":"2025-12-26T15:26:03.833Z"}
{"level":"error","message":"Product not found - /api/products/694ea90e18f681edc2c83051 - GET - ::1","timestamp":"2025-12-26T15:33:16.552Z"}
{"level":"error","message":"Product not found - /api/products/694ea90e18f681edc2c83047 - GET - ::1","timestamp":"2025-12-26T15:33:49.911Z"}
{"level":"info","message":"Server is connected with MongoDB and running on port 3000","timestamp":"2025-12-26T15:34:10.155Z"}
{"level":"error","message":"Product not found - /api/products/694eaaec79c96c1b23e8f1dc - GET - ::1","timestamp":"2025-12-26T15:34:19.669Z"}
{"level":"info","message":"Server is connected with MongoDB and running on port 3000","timestamp":"2025-12-26T15:35:04.871Z"}
{"level":"info","message":"Server is connected with MongoDB and running on port 3000","timestamp":"2025-12-26T16:02:23.522Z"}
{"level":"info","message":"Server is connected with MongoDB and running on port 3000","timestamp":"2025-12-26T16:02:25.760Z"}
{"level":"info","message":"Server is connected with MongoDB and running on port 3000","timestamp":"2025-12-26T16:02:27.782Z"}
{"level":"info","message":"Server is connected with MongoDB and running on port 3000","timestamp":"2025-12-26T16:15:03.129Z"}
{"level":"info","message":"Server is connected with MongoDB and running on port 3000","timestamp":"2025-12-26T16:15:17.616Z"}
{"level":"info","message":"Server is connected with MongoDB and running on port 3000","timestamp":"2025-12-26T16:15:24.794Z"}
{"level":"info","message":"Server is connected with MongoDB and running on port 3000","timestamp":"2025-12-26T16:15:26.750Z"}
{"level":"info","message":"Server is connected with MongoDB and running on port 3000","timestamp":"2025-12-26T16:17:35.466Z"}
{"level":"info","message":"Server is connected with MongoDB and running on port 3000","timestamp":"2025-12-26T16:17:44.461Z"}
{"level":"info","message":"Server is connected with MongoDB and running on port 3000","timestamp":"2025-12-26T16:17:46.505Z"}
{"level":"info","message":"Server is connected with MongoDB and running on port 3000","timestamp":"2025-12-26T16:17:53.288Z"}
{"level":"info","message":"GET /api/products?gender=women&page=1 304 - 41ms - ::1","timestamp":"2025-12-26T16:22:48.732Z"}
{"level":"info","message":"GET /api/cart/bc6f2c39-9b63-464c-9387-83f129e5fb02 304 - 5ms - ::1","timestamp":"2025-12-26T16:22:48.833Z"}
{"level":"info","message":"GET /api/products?gender=men&page=1 304 - 18ms - ::1","timestamp":"2025-12-26T16:24:05.884Z"}
{"level":"info","message":"GET /api/products?gender=kids&page=1 304 - 15ms - ::1","timestamp":"2025-12-26T16:24:07.406Z"}
{"level":"info","message":"GET /api/products?gender=women&page=1 304 - 14ms - ::1","timestamp":"2025-12-26T16:24:08.675Z"}
{"level":"info","message":"GET /api/special_products?page=1 200 - 4ms - ::1","timestamp":"2025-12-26T16:24:09.403Z"}
{"level":"info","message":"GET /api/trending_now?page=1 200 - 4ms - ::1","timestamp":"2025-12-26T16:24:11.168Z"}
{"level":"info","message":"GET /api/new_arrivals?page=1 200 - 4ms - ::1","timestamp":"2025-12-26T16:24:12.991Z"}
{"level":"info","message":"GET /api/trending_now?page=1 304 - 4ms - ::1","timestamp":"2025-12-26T16:24:13.908Z"}
{"level":"info","message":"GET /api/special_products?page=1 304 - 5ms - ::1","timestamp":"2025-12-26T16:24:14.778Z"}
{"level":"info","message":"GET /api/products?gender=women&page=1 304 - 15ms - ::1","timestamp":"2025-12-26T16:24:15.762Z"}
{"level":"info","message":"GET /api/products?gender=men&page=1 304 - 17ms - ::1","timestamp":"2025-12-26T16:24:17.167Z"}
{"level":"info","message":"GET /api/products?gender=kids&page=1 304 - 10ms - ::1","timestamp":"2025-12-26T16:24:18.099Z"}
{"level":"info","message":"GET /api/new_arrivals?page=1 304 - 3ms - ::1","timestamp":"2025-12-26T16:24:19.226Z"}
{"level":"info","message":"GET /api/new_arrivals?brand=Zappos+Sport&page=1 200 - 4ms - ::1","timestamp":"2025-12-26T16:24:20.619Z"}
{"level":"info","message":"GET /api/new_arrivals?brand=Zappos+Sport%2CZappos+Essentials&page=1 200 - 4ms - ::1","timestamp":"2025-12-26T16:24:21.878Z"}
{"level":"info","message":"GET /api/new_arrivals?brand=Zappos+Sport%2CZappos+Essentials%2CPuma&page=1 200 - 5ms - ::1","timestamp":"2025-12-26T16:24:22.723Z"}
{"level":"info","message":"GET /api/new_arrivals?brand=Zappos+Sport%2CZappos+Essentials%2CPuma%2CReebok&page=1 200 - 5ms - ::1","timestamp":"2025-12-26T16:24:23.416Z"}
{"level":"info","message":"GET /api/new_arrivals?brand=Zappos+Sport%2CZappos+Essentials%2CPuma%2CReebok%2CNike&page=1 200 - 3ms - ::1","timestamp":"2025-12-26T16:24:24.475Z"}
{"level":"info","message":"GET /api/new_arrivals?brand=Zappos+Sport%2CZappos+Essentials%2CPuma%2CReebok%2CNike%2CAdidas&page=1 200 - 4ms - ::1","timestamp":"2025-12-26T16:24:25.058Z"}
{"level":"info","message":"GET /api/new_arrivals?brand=Zappos+Sport%2CZappos+Essentials%2CPuma%2CReebok%2CAdidas&page=1 200 - 4ms - ::1","timestamp":"2025-12-26T16:24:25.964Z"}
{"level":"info","message":"GET /api/new_arrivals?brand=Zappos+Sport%2CZappos+Essentials%2CPuma%2CReebok&page=1 304 - 5ms - ::1","timestamp":"2025-12-26T16:24:26.302Z"}
{"level":"info","message":"GET /api/new_arrivals?brand=Zappos+Essentials%2CPuma%2CReebok&page=1 200 - 4ms - ::1","timestamp":"2025-12-26T16:24:26.777Z"}
{"level":"info","message":"GET /api/new_arrivals?brand=Puma%2CReebok&page=1 200 - 4ms - ::1","timestamp":"2025-12-26T16:24:27.131Z"}
{"level":"info","message":"GET /api/new_arrivals?brand=Reebok&page=1 200 - 3ms - ::1","timestamp":"2025-12-26T16:24:27.566Z"}
{"level":"info","message":"GET /api/new_arrivals?page=1 304 - 4ms - ::1","timestamp":"2025-12-26T16:24:28.109Z"}
{"level":"info","message":"GET /api/products?gender=women&page=1 304 - 11ms - ::1","timestamp":"2025-12-26T16:24:28.914Z"}
{"level":"info","message":"GET /api/products?gender=men&page=1 304 - 13ms - ::1","timestamp":"2025-12-26T16:24:30.662Z"}
{"level":"info","message":"GET /api/products?gender=kids&page=1 304 - 11ms - ::1","timestamp":"2025-12-26T16:24:32.322Z"}
{"level":"info","message":"GET /api/products?gender=women&page=1 304 - 11ms - ::1","timestamp":"2025-12-26T16:24:37.686Z"}
{"level":"info","message":"GET /api/products?gender=men&page=1 304 - 11ms - ::1","timestamp":"2025-12-26T16:24:38.634Z"}
{"level":"info","message":"GET /api/special_products?page=1 304 - 3ms - ::1","timestamp":"2025-12-26T16:24:39.174Z"}
{"level":"info","message":"GET /api/products?gender=men&page=1 304 - 11ms - ::1","timestamp":"2025-12-26T16:24:40.282Z"}
{"level":"info","message":"GET /api/products?gender=kids&page=1 304 - 10ms - ::1","timestamp":"2025-12-26T16:24:40.866Z"}
{"level":"info","message":"GET /api/products?gender=men&page=1 304 - 14ms - ::1","timestamp":"2025-12-26T16:24:41.321Z"}
{"level":"info","message":"GET /api/products?gender=women&page=1 304 - 13ms - ::1","timestamp":"2025-12-26T16:24:41.730Z"}
{"level":"info","message":"GET /api/products?gender=men&page=1 200 - 10ms - ::1","timestamp":"2025-12-26T16:26:12.526Z"}
{"level":"info","message":"GET /api/cart/694b519e5228bbe731e35ae3 200 - 27ms - ::1","timestamp":"2025-12-26T16:26:12.685Z"}
{"level":"info","message":"GET /api/products?gender=women&page=1 200 - 14ms - ::1","timestamp":"2025-12-26T16:26:34.575Z"}
{"level":"info","message":"GET /api/cart/694b519e5228bbe731e35ae3 200 - 4ms - ::1","timestamp":"2025-12-26T16:26:34.772Z"}
{"level":"info","message":"GET /api/products?gender=kids&page=1 200 - 10ms - ::1","timestamp":"2025-12-26T16:27:34.081Z"}
{"level":"info","message":"GET /api/cart/694b519e5228bbe731e35ae3 304 - 5ms - ::1","timestamp":"2025-12-26T16:27:34.264Z"}
{"level":"info","message":"GET /api/products?gender=men&page=1 304 - 14ms - ::1","timestamp":"2025-12-26T16:29:13.189Z"}
{"level":"info","message":"GET /api/cart/694b519e5228bbe731e35ae3 304 - 3ms - ::1","timestamp":"2025-12-26T16:29:13.323Z"}
{"level":"info","message":"GET /api/products?gender=women&page=1 304 - 13ms - ::1","timestamp":"2025-12-26T16:57:07.738Z"}
{"level":"info","message":"GET /api/cart/694b519e5228bbe731e35ae3 304 - 4ms - ::1","timestamp":"2025-12-26T16:57:07.906Z"}
{"level":"info","message":"GET /api/products?gender=kids&page=1 304 - 12ms - ::1","timestamp":"2025-12-26T16:58:17.533Z"}
{"level":"info","message":"GET /api/cart/694b519e5228bbe731e35ae3 304 - 6ms - ::1","timestamp":"2025-12-26T16:58:17.727Z"}
{"level":"info","message":"GET /api/products?gender=women&page=1 304 - 19ms - ::1","timestamp":"2025-12-26T17:01:15.799Z"}
{"level":"info","message":"GET /api/products?gender=women&page=1 304 - 18ms - ::1","timestamp":"2025-12-26T17:01:15.818Z"}
{"level":"info","message":"GET /api/products?gender=women&page=1 304 - 15ms - ::1","timestamp":"2025-12-26T17:01:16.884Z"}
{"level":"info","message":"GET /api/products?gender=men&page=1 304 - 23ms - ::1","timestamp":"2025-12-26T17:01:18.443Z"}
{"level":"info","message":"GET /api/products?gender=men&page=1 304 - 22ms - ::1","timestamp":"2025-12-26T17:01:18.467Z"}
{"level":"info","message":"GET /api/products?gender=kids&page=1 304 - 12ms - ::1","timestamp":"2025-12-26T17:01:19.944Z"}
{"level":"info","message":"GET /api/products?gender=kids&page=1 304 - 15ms - ::1","timestamp":"2025-12-26T17:01:19.968Z"}
{"level":"info","message":"GET /api/products?gender=women&page=1 304 - 13ms - ::1","timestamp":"2025-12-26T17:01:51.431Z"}
{"level":"info","message":"GET /api/products?gender=women&page=1 304 - 21ms - ::1","timestamp":"2025-12-26T17:01:51.458Z"}
{"level":"info","message":"GET /api/products?gender=women&page=1 304 - 12ms - ::1","timestamp":"2025-12-26T17:01:51.771Z"}
{"level":"info","message":"GET /api/products?gender=men&page=1 304 - 13ms - ::1","timestamp":"2025-12-26T17:01:53.538Z"}
{"level":"info","message":"GET /api/products?gender=men&page=1 304 - 10ms - ::1","timestamp":"2025-12-26T17:01:53.550Z"}
{"level":"info","message":"GET /api/products?gender=kids&page=1 304 - 11ms - ::1","timestamp":"2025-12-26T17:01:55.490Z"}
{"level":"info","message":"GET /api/products?gender=kids&page=1 304 - 11ms - ::1","timestamp":"2025-12-26T17:01:55.502Z"}
{"level":"info","message":"GET /api/products?gender=women&page=1 304 - 12ms - ::1","timestamp":"2025-12-26T17:02:08.389Z"}
{"level":"info","message":"GET /api/cart/694b519e5228bbe731e35ae3 304 - 9ms - ::1","timestamp":"2025-12-26T17:02:08.552Z"}
{"level":"info","message":"GET /api/products?gender=men&page=1 304 - 28ms - ::1","timestamp":"2025-12-26T17:02:31.586Z"}
{"level":"info","message":"GET /api/special_products?page=1 304 - 4ms - ::1","timestamp":"2025-12-26T17:02:32.589Z"}
{"level":"info","message":"GET /api/products?gender=kids&page=1 304 - 11ms - ::1","timestamp":"2025-12-26T17:02:33.604Z"}
{"level":"info","message":"GET /api/products?gender=kids&page=1 304 - 13ms - ::1","timestamp":"2025-12-26T17:07:38.726Z"}
{"level":"info","message":"GET /api/cart/694b519e5228bbe731e35ae3 304 - 10ms - ::1","timestamp":"2025-12-26T17:07:38.881Z"}
{"level":"info","message":"GET /api/products?gender=men&page=1 304 - 15ms - ::1","timestamp":"2025-12-26T17:07:54.800Z"}
{"level":"info","message":"GET /api/cart/694b519e5228bbe731e35ae3 304 - 5ms - ::1","timestamp":"2025-12-26T17:07:54.982Z"}
{"level":"info","message":"GET /api/products?gender=women&page=1 304 - 13ms - ::1","timestamp":"2025-12-26T17:08:11.652Z"}
{"level":"info","message":"GET /api/cart/694b519e5228bbe731e35ae3 304 - 6ms - ::1","timestamp":"2025-12-26T17:08:11.828Z"}
{"level":"info","message":"GET /api/products?gender=kids&page=1 304 - 9ms - ::1","timestamp":"2025-12-26T17:08:40.962Z"}
{"level":"info","message":"GET /api/cart/694b519e5228bbe731e35ae3 304 - 10ms - ::1","timestamp":"2025-12-26T17:08:41.188Z"}
{"level":"info","message":"GET /api/products?gender=men&page=1 304 - 11ms - ::1","timestamp":"2025-12-26T17:09:25.240Z"}
{"level":"info","message":"GET /api/products?gender=women&page=1 304 - 11ms - ::1","timestamp":"2025-12-26T17:09:26.295Z"}
{"level":"info","message":"GET /api/products/694cc52fd64fef65f31b60ef 200 - 4ms - ::1","timestamp":"2025-12-26T17:09:28.160Z"}
{"level":"info","message":"GET /api/reviews/694cc52fd64fef65f31b60ef 200 - 2ms - ::1","timestamp":"2025-12-26T17:09:28.165Z"}
{"level":"info","message":"GET /api/special_products?page=1 304 - 4ms - ::1","timestamp":"2025-12-26T17:09:32.479Z"}
{"level":"info","message":"GET /api/special_products?brand=Nike&page=1 200 - 4ms - ::1","timestamp":"2025-12-26T17:09:36.752Z"}
{"level":"info","message":"GET /api/special_products?brand=Nike%2CAdidas&page=1 200 - 4ms - ::1","timestamp":"2025-12-26T17:09:38.110Z"}
{"level":"info","message":"GET /api/special_products?brand=Nike&page=1 304 - 3ms - ::1","timestamp":"2025-12-26T17:09:39.173Z"}
{"level":"info","message":"GET /api/special_products?page=1 304 - 4ms - ::1","timestamp":"2025-12-26T17:09:39.645Z"}
{"level":"info","message":"Server is connected with MongoDB and running on port 3000","timestamp":"2025-12-26T17:12:38.262Z"}
{"level":"info","message":"Server is connected with MongoDB and running on port 3000","timestamp":"2025-12-26T17:12:52.186Z"}
{"level":"info","message":"Server is connected with MongoDB and running on port 3000","timestamp":"2025-12-26T17:13:12.599Z"}
{"level":"info","message":"Server is connected with MongoDB and running on port 3000","timestamp":"2025-12-26T17:13:29.049Z"}
{"level":"info","message":"Server is connected with MongoDB and running on port 3000","timestamp":"2025-12-26T17:13:38.565Z"}
{"level":"info","message":"Server is connected with MongoDB and running on port 3000","timestamp":"2025-12-26T17:13:48.338Z"}
{"level":"info","message":"Server is connected with MongoDB and running on port 3000","timestamp":"2025-12-26T17:13:51.893Z"}
